<?xml version="1.0" encoding="UTF-8"?>
<!-- Generated by org.testng.reporters.JUnitReportReporter -->
<testsuite skipped="0" hostname="PL1CHZRH0114NB" name="E_LibraryApp.elibrary.LibraryTest" tests="2" failures="0" timestamp="2020-05-25T21:29:21 MESZ" time="0.008" errors="0">
  <testcase name="testLibrarySearch" time="0.005" classname="E_LibraryApp.elibrary.LibraryTest"/>
  <system-out/>
  <testcase name="testLibrarySize" time="0.003" classname="E_LibraryApp.elibrary.LibraryTest"/>
  <system-out/>
</testsuite> <!-- E_LibraryApp.elibrary.LibraryTest -->
