<?xml version="1.0" encoding="UTF-8"?>
<!-- Generated by org.testng.reporters.JUnitReportReporter -->
<testsuite skipped="0" hostname="PL1CHZRH0114NB" name="E_LibraryApp.elibrary.BookTest" tests="1" failures="0" timestamp="2020-05-25T21:29:21 MESZ" time="0.118" errors="0">
  <testcase name="testBook" time="0.118" classname="E_LibraryApp.elibrary.BookTest"/>
  <system-out/>
</testsuite> <!-- E_LibraryApp.elibrary.BookTest -->
